<?xml version="1.0" encoding="UTF-8"?>
<testsuite xmlns:xsi="http://www.w3.org/2001/XMLSchema-instance" xsi:noNamespaceSchemaLocation="https://maven.apache.org/surefire/maven-surefire-plugin/xsd/surefire-test-report-3.0.xsd" version="3.0" name="com.orangehrm.tests.AdminTest" time="346.6" tests="5" errors="0" skipped="0" failures="2">
  <properties>
[...]
</properties>
  <testcase name="tc_Admin_001_accessAdminModule" classname="com.orangehrm.tests.AdminTest" time="0.016">
    <system-out><![CDATA[2026-06-04 13:06:17.725 [main] INFO  com.orangehrm.listeners.TestListener - ╔════════════════════════════════════════╗
2026-06-04 13:06:17.734 [main] INFO  com.orangehrm.listeners.TestListener - ║  🚀 BẮT ĐẦU TEST SUITE: Surefire test  ║
2026-06-04 13:06:17.735 [main] INFO  com.orangehrm.listeners.TestListener - ╚════════════════════════════════════════╝
2026-06-04 13:06:17.768 [main] INFO  com.orangehrm.utils.ConfigReader - ✅ Đã load cấu hình từ: src/test/resources/config.properties
2026-06-04 13:06:17.769 [main] INFO  com.orangehrm.utils.DriverManager - 🚀 Khởi tạo chrome driver (headless=false)
2026-06-04 13:06:18.939 [main] INFO  com.orangehrm.utils.DriverManager - ✅ Khởi tạo driver thành công
2026-06-04 13:06:18.954 [main] INFO  com.orangehrm.tests.BaseTest - 🔧 Setup hoàn tất - WebDriver đã sẵn sàng
2026-06-04 13:06:52.570 [main] INFO  com.orangehrm.pages.BasePage - 🌐 Điều hướng đến: https://opensource-demo.orangehrmlive.com/web/index.php/auth/login
2026-06-04 13:06:54.584 [main] INFO  com.orangehrm.pages.BasePage - 📄 Mở trang đăng nhập OrangeHRM
2026-06-04 13:07:08.290 [main] INFO  com.orangehrm.pages.BasePage - 👤 Nhập username: Admin
2026-06-04 13:07:08.397 [main] INFO  com.orangehrm.pages.BasePage - 🔐 Nhập password
2026-06-04 13:07:21.940 [main] INFO  com.orangehrm.pages.BasePage - 🖱️ Click nút Login (expect: success)
2026-06-04 13:07:32.536 [main] INFO  com.orangehrm.pages.BasePage - 📌 Điều hướng đến module Admin
2026-06-04 13:07:44.067 [main] INFO  com.orangehrm.listeners.TestListener - ▶️ Bắt đầu test: [tc_Admin_001_accessAdminModule]
2026-06-04 13:07:44.250 [main] INFO  com.orangehrm.utils.ExtentReportManager - 📊 Đã khởi tạo ExtentReports: reports/OrangeHRM_TestReport_20260604_130744.html
2026-06-04 13:07:44.263 [main] INFO  com.orangehrm.tests.BaseTest - 📋 Xác nhận module Admin đã mở
2026-06-04 13:07:44.270 [main] INFO  com.orangehrm.tests.BaseTest - ✅ TC_ADMIN_001 PASSED: Module Admin truy cập thành công
]]></system-out>
    <system-err><![CDATA[Jun 04, 2026 1:06:18 PM org.openqa.selenium.devtools.CdpVersionFinder findNearestMatch
WARNING: Unable to find CDP implementation matching 148
Jun 04, 2026 1:06:18 PM org.openqa.selenium.chromium.ChromiumDriver lambda$new$5
WARNING: Unable to find version of CDP to use for 148.0.7778.217. You may need to include a dependency on a specific version of the CDP using something similar to `org.seleniumhq.selenium:selenium-devtools-v86:4.25.0` where the version ("v86") matches the version of the chromium-based browser you're using and the version number of the artifact is the same as Selenium's.
]]></system-err>
  </testcase>
  <testcase name="tc_Admin_002_systemUsersListDisplayed" classname="com.orangehrm.tests.AdminTest" time="2.038">
    <system-out><![CDATA[2026-06-04 13:07:44.273 [main] INFO  com.orangehrm.listeners.TestListener - ✅ PASSED: [tc_Admin_001_accessAdminModule] - Thời gian: 0s
2026-06-04 13:07:44.465 [main] INFO  com.orangehrm.utils.DriverManager - ✅ Đã đóng WebDriver
2026-06-04 13:07:44.465 [main] INFO  com.orangehrm.tests.BaseTest - 🧹 Teardown hoàn tất - WebDriver đã đóng
2026-06-04 13:07:44.468 [main] INFO  com.orangehrm.utils.DriverManager - 🚀 Khởi tạo chrome driver (headless=false)
2026-06-04 13:07:45.123 [main] INFO  com.orangehrm.utils.DriverManager - ✅ Khởi tạo driver thành công
2026-06-04 13:07:45.125 [main] INFO  com.orangehrm.tests.BaseTest - 🔧 Setup hoàn tất - WebDriver đã sẵn sàng
2026-06-04 13:07:48.352 [main] INFO  com.orangehrm.pages.BasePage - 🌐 Điều hướng đến: https://opensource-demo.orangehrmlive.com/web/index.php/auth/login
2026-06-04 13:07:50.360 [main] INFO  com.orangehrm.pages.BasePage - 📄 Mở trang đăng nhập OrangeHRM
2026-06-04 13:07:50.485 [main] INFO  com.orangehrm.pages.BasePage - 👤 Nhập username: Admin
2026-06-04 13:07:50.604 [main] INFO  com.orangehrm.pages.BasePage - 🔐 Nhập password
2026-06-04 13:08:01.794 [main] INFO  com.orangehrm.pages.BasePage - 🖱️ Click nút Login (expect: success)
2026-06-04 13:08:12.323 [main] INFO  com.orangehrm.pages.BasePage - 📌 Điều hướng đến module Admin
2026-06-04 13:08:23.314 [main] INFO  com.orangehrm.listeners.TestListener - ▶️ Bắt đầu test: [tc_Admin_002_systemUsersListDisplayed]
2026-06-04 13:08:23.315 [main] INFO  com.orangehrm.tests.BaseTest - 📋 Kiểm tra danh sách người dùng
2026-06-04 13:08:25.349 [main] INFO  com.orangehrm.tests.BaseTest - 📋 Xác nhận có ít nhất 1 người dùng (Admin)
2026-06-04 13:08:25.351 [main] INFO  com.orangehrm.tests.BaseTest - ✅ TC_ADMIN_002 PASSED: Danh sách hiển thị 7 người dùng
]]></system-out>
    <system-err><![CDATA[Jun 04, 2026 1:07:45 PM org.openqa.selenium.devtools.CdpVersionFinder findNearestMatch
WARNING: Unable to find CDP implementation matching 148
Jun 04, 2026 1:07:45 PM org.openqa.selenium.chromium.ChromiumDriver lambda$new$5
WARNING: Unable to find version of CDP to use for 148.0.7778.217. You may need to include a dependency on a specific version of the CDP using something similar to `org.seleniumhq.selenium:selenium-devtools-v86:4.25.0` where the version ("v86") matches the version of the chromium-based browser you're using and the version number of the artifact is the same as Selenium's.
]]></system-err>
  </testcase>
  <testcase name="tc_Admin_003_searchUserByUsername" classname="com.orangehrm.tests.AdminTest" time="19.876">
    <system-out><![CDATA[2026-06-04 13:08:25.353 [main] INFO  com.orangehrm.listeners.TestListener - ✅ PASSED: [tc_Admin_002_systemUsersListDisplayed] - Thời gian: 2s
2026-06-04 13:08:25.536 [main] INFO  com.orangehrm.utils.DriverManager - ✅ Đã đóng WebDriver
2026-06-04 13:08:25.537 [main] INFO  com.orangehrm.tests.BaseTest - 🧹 Teardown hoàn tất - WebDriver đã đóng
2026-06-04 13:08:25.539 [main] INFO  com.orangehrm.utils.DriverManager - 🚀 Khởi tạo chrome driver (headless=false)
2026-06-04 13:08:26.198 [main] INFO  com.orangehrm.utils.DriverManager - ✅ Khởi tạo driver thành công
2026-06-04 13:08:26.199 [main] INFO  com.orangehrm.tests.BaseTest - 🔧 Setup hoàn tất - WebDriver đã sẵn sàng
2026-06-04 13:08:29.348 [main] INFO  com.orangehrm.pages.BasePage - 🌐 Điều hướng đến: https://opensource-demo.orangehrmlive.com/web/index.php/auth/login
2026-06-04 13:08:31.359 [main] INFO  com.orangehrm.pages.BasePage - 📄 Mở trang đăng nhập OrangeHRM
2026-06-04 13:08:31.460 [main] INFO  com.orangehrm.pages.BasePage - 👤 Nhập username: Admin
2026-06-04 13:08:31.549 [main] INFO  com.orangehrm.pages.BasePage - 🔐 Nhập password
2026-06-04 13:08:42.776 [main] INFO  com.orangehrm.pages.BasePage - 🖱️ Click nút Login (expect: success)
2026-06-04 13:08:54.514 [main] INFO  com.orangehrm.pages.BasePage - 📌 Điều hướng đến module Admin
2026-06-04 13:09:07.149 [main] INFO  com.orangehrm.listeners.TestListener - ▶️ Bắt đầu test: [tc_Admin_003_searchUserByUsername]
2026-06-04 13:09:07.151 [main] INFO  com.orangehrm.tests.BaseTest - 📋 Tìm kiếm người dùng với username 'Admin'
2026-06-04 13:09:27.004 [main] INFO  com.orangehrm.pages.BasePage - 🔍 Tìm kiếm user: Admin
2026-06-04 13:09:27.004 [main] INFO  com.orangehrm.tests.BaseTest - 📋 Xác nhận Admin xuất hiện trong kết quả
2026-06-04 13:09:27.027 [main] INFO  com.orangehrm.tests.BaseTest - ✅ TC_ADMIN_003 PASSED: Tìm thấy người dùng 'Admin'
]]></system-out>
    <system-err><![CDATA[Jun 04, 2026 1:08:26 PM org.openqa.selenium.devtools.CdpVersionFinder findNearestMatch
WARNING: Unable to find CDP implementation matching 148
Jun 04, 2026 1:08:26 PM org.openqa.selenium.chromium.ChromiumDriver lambda$new$5
WARNING: Unable to find version of CDP to use for 148.0.7778.217. You may need to include a dependency on a specific version of the CDP using something similar to `org.seleniumhq.selenium:selenium-devtools-v86:4.25.0` where the version ("v86") matches the version of the chromium-based browser you're using and the version number of the artifact is the same as Selenium's.
]]></system-err>
  </testcase>
  <testcase name="tc_Admin_004_searchNonExistentUser" classname="com.orangehrm.tests.AdminTest" time="22.4">
    <failure message="Hệ thống phải không trả về kết quả khi username không tồn tại expected [true] but found [false]" type="java.lang.AssertionError"><![CDATA[java.lang.AssertionError: Hệ thống phải không trả về kết quả khi username không tồn tại expected [true] but found [false]
	at org.testng.Assert.fail(Assert.java:111)
	at org.testng.Assert.failNotEquals(Assert.java:1578)
	at org.testng.Assert.assertTrue(Assert.java:57)
	at com.orangehrm.tests.AdminTest.tc_Admin_004_searchNonExistentUser(AdminTest.java:82)
	at java.base/jdk.internal.reflect.DirectMethodHandleAccessor.invoke(DirectMethodHandleAccessor.java:103)
	at java.base/java.lang.reflect.Method.invoke(Method.java:580)
	at org.testng.internal.invokers.MethodInvocationHelper.invokeMethod(MethodInvocationHelper.java:139)
	at org.testng.internal.invokers.TestInvoker.invokeMethod(TestInvoker.java:664)
	at org.testng.internal.invokers.TestInvoker.invokeTestMethod(TestInvoker.java:228)
	at org.testng.internal.invokers.MethodRunner.runInSequence(MethodRunner.java:63)
	at org.testng.internal.invokers.TestInvoker$MethodInvocationAgent.invoke(TestInvoker.java:961)
	at org.testng.internal.invokers.TestInvoker.invokeTestMethods(TestInvoker.java:201)
	at org.testng.internal.invokers.TestMethodWorker.invokeTestMethods(TestMethodWorker.java:148)
	at org.testng.internal.invokers.TestMethodWorker.run(TestMethodWorker.java:128)
	at java.base/java.util.ArrayList.forEach(ArrayList.java:1596)
	at org.testng.TestRunner.privateRun(TestRunner.java:819)
	at org.testng.TestRunner.run(TestRunner.java:619)
	at org.testng.SuiteRunner.runTest(SuiteRunner.java:443)
	at org.testng.SuiteRunner.runSequentially(SuiteRunner.java:437)
	at org.testng.SuiteRunner.privateRun(SuiteRunner.java:397)
	at org.testng.SuiteRunner.run(SuiteRunner.java:336)
	at org.testng.SuiteRunnerWorker.runSuite(SuiteRunnerWorker.java:52)
	at org.testng.SuiteRunnerWorker.run(SuiteRunnerWorker.java:95)
	at org.testng.TestNG.runSuitesSequentially(TestNG.java:1301)
	at org.testng.TestNG.runSuitesLocally(TestNG.java:1228)
	at org.testng.TestNG.runSuites(TestNG.java:1134)
	at org.testng.TestNG.run(TestNG.java:1101)
	at org.apache.maven.surefire.testng.TestNGExecutor.run(TestNGExecutor.java:155)
	at org.apache.maven.surefire.testng.TestNGDirectoryTestSuite.executeSingleClass(TestNGDirectoryTestSuite.java:102)
	at org.apache.maven.surefire.testng.TestNGDirectoryTestSuite.execute(TestNGDirectoryTestSuite.java:91)
	at org.apache.maven.surefire.testng.TestNGProvider.invoke(TestNGProvider.java:137)
	at org.apache.maven.surefire.booter.ForkedBooter.runSuitesInProcess(ForkedBooter.java:385)
	at org.apache.maven.surefire.booter.ForkedBooter.execute(ForkedBooter.java:162)
	at org.apache.maven.surefire.booter.ForkedBooter.run(ForkedBooter.java:507)
	at org.apache.maven.surefire.booter.ForkedBooter.main(ForkedBooter.java:495)
]]></failure>
    <system-out><![CDATA[2026-06-04 13:09:27.027 [main] INFO  com.orangehrm.listeners.TestListener - ✅ PASSED: [tc_Admin_003_searchUserByUsername] - Thời gian: 19s
2026-06-04 13:09:27.223 [main] INFO  com.orangehrm.utils.DriverManager - ✅ Đã đóng WebDriver
2026-06-04 13:09:27.223 [main] INFO  com.orangehrm.tests.BaseTest - 🧹 Teardown hoàn tất - WebDriver đã đóng
2026-06-04 13:09:27.225 [main] INFO  com.orangehrm.utils.DriverManager - 🚀 Khởi tạo chrome driver (headless=false)
2026-06-04 13:09:27.884 [main] INFO  com.orangehrm.utils.DriverManager - ✅ Khởi tạo driver thành công
2026-06-04 13:09:27.884 [main] INFO  com.orangehrm.tests.BaseTest - 🔧 Setup hoàn tất - WebDriver đã sẵn sàng
2026-06-04 13:09:32.718 [main] INFO  com.orangehrm.pages.BasePage - 🌐 Điều hướng đến: https://opensource-demo.orangehrmlive.com/web/index.php/auth/login
2026-06-04 13:09:34.733 [main] INFO  com.orangehrm.pages.BasePage - 📄 Mở trang đăng nhập OrangeHRM
2026-06-04 13:09:34.825 [main] INFO  com.orangehrm.pages.BasePage - 👤 Nhập username: Admin
2026-06-04 13:09:34.914 [main] INFO  com.orangehrm.pages.BasePage - 🔐 Nhập password
2026-06-04 13:09:48.295 [main] INFO  com.orangehrm.pages.BasePage - 🖱️ Click nút Login (expect: success)
2026-06-04 13:09:58.917 [main] INFO  com.orangehrm.pages.BasePage - 📌 Điều hướng đến module Admin
2026-06-04 13:10:10.541 [main] INFO  com.orangehrm.listeners.TestListener - ▶️ Bắt đầu test: [tc_Admin_004_searchNonExistentUser]
2026-06-04 13:10:10.543 [main] INFO  com.orangehrm.tests.BaseTest - 📋 Tìm kiếm username không tồn tại
2026-06-04 13:10:30.896 [main] INFO  com.orangehrm.pages.BasePage - 🔍 Tìm kiếm user: NONEXISTENT_USER_XYZ_1780553410543
2026-06-04 13:10:30.896 [main] INFO  com.orangehrm.tests.BaseTest - 📋 Xác nhận không có kết quả (0 rows)
2026-06-04 13:10:32.929 [main] INFO  com.orangehrm.pages.BasePage - ℹ️ Tìm thấy 7 kết quả
]]></system-out>
    <system-err><![CDATA[Jun 04, 2026 1:09:27 PM org.openqa.selenium.devtools.CdpVersionFinder findNearestMatch
WARNING: Unable to find CDP implementation matching 148
Jun 04, 2026 1:09:27 PM org.openqa.selenium.chromium.ChromiumDriver lambda$new$5
WARNING: Unable to find version of CDP to use for 148.0.7778.217. You may need to include a dependency on a specific version of the CDP using something similar to `org.seleniumhq.selenium:selenium-devtools-v86:4.25.0` where the version ("v86") matches the version of the chromium-based browser you're using and the version number of the artifact is the same as Selenium's.
]]></system-err>
  </testcase>
  <testcase name="tc_Admin_005_resetAdminSearchFilter" classname="com.orangehrm.tests.AdminTest" time="50.103">
    <failure message="Sau reset phải hiển thị ít nhất bằng số kết quả khi lọc expected [true] but found [false]" type="java.lang.AssertionError"><![CDATA[java.lang.AssertionError: Sau reset phải hiển thị ít nhất bằng số kết quả khi lọc expected [true] but found [false]
	at org.testng.Assert.fail(Assert.java:111)
	at org.testng.Assert.failNotEquals(Assert.java:1578)
	at org.testng.Assert.assertTrue(Assert.java:57)
	at com.orangehrm.tests.AdminTest.tc_Admin_005_resetAdminSearchFilter(AdminTest.java:102)
	at java.base/jdk.internal.reflect.DirectMethodHandleAccessor.invoke(DirectMethodHandleAccessor.java:103)
	at java.base/java.lang.reflect.Method.invoke(Method.java:580)
	at org.testng.internal.invokers.MethodInvocationHelper.invokeMethod(MethodInvocationHelper.java:139)
	at org.testng.internal.invokers.TestInvoker.invokeMethod(TestInvoker.java:664)
	at org.testng.internal.invokers.TestInvoker.invokeTestMethod(TestInvoker.java:228)
	at org.testng.internal.invokers.MethodRunner.runInSequence(MethodRunner.java:63)
	at org.testng.internal.invokers.TestInvoker$MethodInvocationAgent.invoke(TestInvoker.java:961)
	at org.testng.internal.invokers.TestInvoker.invokeTestMethods(TestInvoker.java:201)
	at org.testng.internal.invokers.TestMethodWorker.invokeTestMethods(TestMethodWorker.java:148)
	at org.testng.internal.invokers.TestMethodWorker.run(TestMethodWorker.java:128)
	at java.base/java.util.ArrayList.forEach(ArrayList.java:1596)
	at org.testng.TestRunner.privateRun(TestRunner.java:819)
	at org.testng.TestRunner.run(TestRunner.java:619)
	at org.testng.SuiteRunner.runTest(SuiteRunner.java:443)
	at org.testng.SuiteRunner.runSequentially(SuiteRunner.java:437)
	at org.testng.SuiteRunner.privateRun(SuiteRunner.java:397)
	at org.testng.SuiteRunner.run(SuiteRunner.java:336)
	at org.testng.SuiteRunnerWorker.runSuite(SuiteRunnerWorker.java:52)
	at org.testng.SuiteRunnerWorker.run(SuiteRunnerWorker.java:95)
	at org.testng.TestNG.runSuitesSequentially(TestNG.java:1301)
	at org.testng.TestNG.runSuitesLocally(TestNG.java:1228)
	at org.testng.TestNG.runSuites(TestNG.java:1134)
	at org.testng.TestNG.run(TestNG.java:1101)
	at org.apache.maven.surefire.testng.TestNGExecutor.run(TestNGExecutor.java:155)
	at org.apache.maven.surefire.testng.TestNGDirectoryTestSuite.executeSingleClass(TestNGDirectoryTestSuite.java:102)
	at org.apache.maven.surefire.testng.TestNGDirectoryTestSuite.execute(TestNGDirectoryTestSuite.java:91)
	at org.apache.maven.surefire.testng.TestNGProvider.invoke(TestNGProvider.java:137)
	at org.apache.maven.surefire.booter.ForkedBooter.runSuitesInProcess(ForkedBooter.java:385)
	at org.apache.maven.surefire.booter.ForkedBooter.execute(ForkedBooter.java:162)
	at org.apache.maven.surefire.booter.ForkedBooter.run(ForkedBooter.java:507)
	at org.apache.maven.surefire.booter.ForkedBooter.main(ForkedBooter.java:495)
]]></failure>
    <system-out><![CDATA[2026-06-04 13:10:32.941 [main] ERROR com.orangehrm.listeners.TestListener - ❌ FAILED: [tc_Admin_004_searchNonExistentUser]
2026-06-04 13:10:32.942 [main] ERROR com.orangehrm.listeners.TestListener -    Lý do: Hệ thống phải không trả về kết quả khi username không tồn tại expected [true] but found [false]
2026-06-04 13:10:33.259 [main] INFO  com.orangehrm.utils.DriverManager - ✅ Đã đóng WebDriver
2026-06-04 13:10:33.259 [main] INFO  com.orangehrm.tests.BaseTest - 🧹 Teardown hoàn tất - WebDriver đã đóng
2026-06-04 13:10:33.261 [main] INFO  com.orangehrm.utils.DriverManager - 🚀 Khởi tạo chrome driver (headless=false)
2026-06-04 13:10:33.898 [main] INFO  com.orangehrm.utils.DriverManager - ✅ Khởi tạo driver thành công
2026-06-04 13:10:33.899 [main] INFO  com.orangehrm.tests.BaseTest - 🔧 Setup hoàn tất - WebDriver đã sẵn sàng
2026-06-04 13:10:37.759 [main] INFO  com.orangehrm.pages.BasePage - 🌐 Điều hướng đến: https://opensource-demo.orangehrmlive.com/web/index.php/auth/login
2026-06-04 13:10:39.771 [main] INFO  com.orangehrm.pages.BasePage - 📄 Mở trang đăng nhập OrangeHRM
2026-06-04 13:10:39.910 [main] INFO  com.orangehrm.pages.BasePage - 👤 Nhập username: Admin
2026-06-04 13:10:40.004 [main] INFO  com.orangehrm.pages.BasePage - 🔐 Nhập password
2026-06-04 13:10:51.313 [main] INFO  com.orangehrm.pages.BasePage - 🖱️ Click nút Login (expect: success)
2026-06-04 13:11:01.847 [main] INFO  com.orangehrm.pages.BasePage - 📌 Điều hướng đến module Admin
2026-06-04 13:11:12.833 [main] INFO  com.orangehrm.listeners.TestListener - ▶️ Bắt đầu test: [tc_Admin_005_resetAdminSearchFilter]
2026-06-04 13:11:12.834 [main] INFO  com.orangehrm.tests.BaseTest - 📋 Tìm kiếm 'Admin' để lọc danh sách
2026-06-04 13:11:31.622 [main] INFO  com.orangehrm.pages.BasePage - 🔍 Tìm kiếm user: Admin
2026-06-04 13:11:41.673 [main] INFO  com.orangehrm.tests.BaseTest - 📋 Reset bộ lọc
2026-06-04 13:12:02.935 [main] INFO  com.orangehrm.tests.BaseTest - 📋 Xác nhận sau reset hiển thị nhiều hơn hoặc bằng khi đang lọc
]]></system-out>
    <system-err><![CDATA[Jun 04, 2026 1:10:33 PM org.openqa.selenium.devtools.CdpVersionFinder findNearestMatch
WARNING: Unable to find CDP implementation matching 148
Jun 04, 2026 1:10:33 PM org.openqa.selenium.chromium.ChromiumDriver lambda$new$5
WARNING: Unable to find version of CDP to use for 148.0.7778.217. You may need to include a dependency on a specific version of the CDP using something similar to `org.seleniumhq.selenium:selenium-devtools-v86:4.25.0` where the version ("v86") matches the version of the chromium-based browser you're using and the version number of the artifact is the same as Selenium's.
]]></system-err>
  </testcase>
</testsuite>