<?xml version="1.0" encoding="UTF-8"?>
<testng-results ignored="0" total="5" passed="3" failed="2" skipped="0">
  <reporter-output>
  </reporter-output>
  <suite started-at="2026-06-04T13:06:17 ICT" name="Surefire suite" finished-at="2026-06-04T13:12:03 ICT" duration-ms="345522">
    <groups>
      <group name="negative">
        <method signature="AdminTest.tc_Admin_004_searchNonExistentUser()[pri:0, instance:com.orangehrm.tests.AdminTest@78365cfa]" name="tc_Admin_004_searchNonExistentUser" class="com.orangehrm.tests.AdminTest"/>
      </group> <!-- negative -->
      <group name="search">
        <method signature="AdminTest.tc_Admin_003_searchUserByUsername()[pri:0, instance:com.orangehrm.tests.AdminTest@78365cfa]" name="tc_Admin_003_searchUserByUsername" class="com.orangehrm.tests.AdminTest"/>
        <method signature="AdminTest.tc_Admin_004_searchNonExistentUser()[pri:0, instance:com.orangehrm.tests.AdminTest@78365cfa]" name="tc_Admin_004_searchNonExistentUser" class="com.orangehrm.tests.AdminTest"/>
      </group> <!-- search -->
      <group name="regression">
        <method signature="AdminTest.tc_Admin_001_accessAdminModule()[pri:0, instance:com.orangehrm.tests.AdminTest@78365cfa]" name="tc_Admin_001_accessAdminModule" class="com.orangehrm.tests.AdminTest"/>
        <method signature="AdminTest.tc_Admin_002_systemUsersListDisplayed()[pri:0, instance:com.orangehrm.tests.AdminTest@78365cfa]" name="tc_Admin_002_systemUsersListDisplayed" class="com.orangehrm.tests.AdminTest"/>
        <method signature="AdminTest.tc_Admin_003_searchUserByUsername()[pri:0, instance:com.orangehrm.tests.AdminTest@78365cfa]" name="tc_Admin_003_searchUserByUsername" class="com.orangehrm.tests.AdminTest"/>
        <method signature="AdminTest.tc_Admin_004_searchNonExistentUser()[pri:0, instance:com.orangehrm.tests.AdminTest@78365cfa]" name="tc_Admin_004_searchNonExistentUser" class="com.orangehrm.tests.AdminTest"/>
        <method signature="AdminTest.tc_Admin_005_resetAdminSearchFilter()[pri:0, instance:com.orangehrm.tests.AdminTest@78365cfa]" name="tc_Admin_005_resetAdminSearchFilter" class="com.orangehrm.tests.AdminTest"/>
      </group> <!-- regression -->
      <group name="smoke">
        <method signature="AdminTest.tc_Admin_001_accessAdminModule()[pri:0, instance:com.orangehrm.tests.AdminTest@78365cfa]" name="tc_Admin_001_accessAdminModule" class="com.orangehrm.tests.AdminTest"/>
      </group> <!-- smoke -->
      <group name="admin">
        <method signature="AdminTest.tc_Admin_001_accessAdminModule()[pri:0, instance:com.orangehrm.tests.AdminTest@78365cfa]" name="tc_Admin_001_accessAdminModule" class="com.orangehrm.tests.AdminTest"/>
        <method signature="AdminTest.tc_Admin_002_systemUsersListDisplayed()[pri:0, instance:com.orangehrm.tests.AdminTest@78365cfa]" name="tc_Admin_002_systemUsersListDisplayed" class="com.orangehrm.tests.AdminTest"/>
        <method signature="AdminTest.tc_Admin_003_searchUserByUsername()[pri:0, instance:com.orangehrm.tests.AdminTest@78365cfa]" name="tc_Admin_003_searchUserByUsername" class="com.orangehrm.tests.AdminTest"/>
        <method signature="AdminTest.tc_Admin_004_searchNonExistentUser()[pri:0, instance:com.orangehrm.tests.AdminTest@78365cfa]" name="tc_Admin_004_searchNonExistentUser" class="com.orangehrm.tests.AdminTest"/>
        <method signature="AdminTest.tc_Admin_005_resetAdminSearchFilter()[pri:0, instance:com.orangehrm.tests.AdminTest@78365cfa]" name="tc_Admin_005_resetAdminSearchFilter" class="com.orangehrm.tests.AdminTest"/>
      </group> <!-- admin -->
    </groups>
    <test started-at="2026-06-04T13:06:17 ICT" name="Surefire test" finished-at="2026-06-04T13:12:03 ICT" duration-ms="345522">
      <class name="com.orangehrm.tests.AdminTest">
        <test-method is-config="true" signature="setUp()[pri:0, instance:com.orangehrm.tests.AdminTest@78365cfa]" started-at="2026-06-04T13:06:17 ICT" name="setUp" finished-at="2026-06-04T13:06:18 ICT" duration-ms="1194" status="PASS">
          <reporter-output>
          </reporter-output>
        </test-method> <!-- setUp -->
        <test-method is-config="true" signature="setup()[pri:0, instance:com.orangehrm.tests.AdminTest@78365cfa]" started-at="2026-06-04T13:06:18 ICT" name="setup" finished-at="2026-06-04T13:07:44 ICT" duration-ms="85111" status="PASS">
          <reporter-output>
          </reporter-output>
        </test-method> <!-- setup -->
        <test-method signature="tc_Admin_001_accessAdminModule()[pri:0, instance:com.orangehrm.tests.AdminTest@78365cfa]" started-at="2026-06-04T13:07:44 ICT" name="tc_Admin_001_accessAdminModule" description="TC_ADMIN_001: Truy cập module Admin - Quản lý người dùng" finished-at="2026-06-04T13:07:44 ICT" duration-ms="205" status="PASS">
          <reporter-output>
          </reporter-output>
        </test-method> <!-- tc_Admin_001_accessAdminModule -->
        <test-method is-config="true" signature="tearDown()[pri:0, instance:com.orangehrm.tests.AdminTest@78365cfa]" started-at="2026-06-04T13:07:44 ICT" name="tearDown" finished-at="2026-06-04T13:07:44 ICT" duration-ms="190" status="PASS">
          <reporter-output>
          </reporter-output>
        </test-method> <!-- tearDown -->
        <test-method is-config="true" signature="setUp()[pri:0, instance:com.orangehrm.tests.AdminTest@78365cfa]" started-at="2026-06-04T13:07:44 ICT" name="setUp" finished-at="2026-06-04T13:07:45 ICT" duration-ms="658" status="PASS">
          <reporter-output>
          </reporter-output>
        </test-method> <!-- setUp -->
        <test-method is-config="true" signature="setup()[pri:0, instance:com.orangehrm.tests.AdminTest@78365cfa]" started-at="2026-06-04T13:07:45 ICT" name="setup" finished-at="2026-06-04T13:08:23 ICT" duration-ms="38188" status="PASS">
          <reporter-output>
          </reporter-output>
        </test-method> <!-- setup -->
        <test-method signature="tc_Admin_002_systemUsersListDisplayed()[pri:0, instance:com.orangehrm.tests.AdminTest@78365cfa]" started-at="2026-06-04T13:08:23 ICT" name="tc_Admin_002_systemUsersListDisplayed" description="TC_ADMIN_002: Danh sách người dùng hệ thống hiển thị" finished-at="2026-06-04T13:08:25 ICT" duration-ms="2038" status="PASS">
          <reporter-output>
          </reporter-output>
        </test-method> <!-- tc_Admin_002_systemUsersListDisplayed -->
        <test-method is-config="true" signature="tearDown()[pri:0, instance:com.orangehrm.tests.AdminTest@78365cfa]" started-at="2026-06-04T13:08:25 ICT" name="tearDown" finished-at="2026-06-04T13:08:25 ICT" duration-ms="183" status="PASS">
          <reporter-output>
          </reporter-output>
        </test-method> <!-- tearDown -->
        <test-method is-config="true" signature="setUp()[pri:0, instance:com.orangehrm.tests.AdminTest@78365cfa]" started-at="2026-06-04T13:08:25 ICT" name="setUp" finished-at="2026-06-04T13:08:26 ICT" duration-ms="660" status="PASS">
          <reporter-output>
          </reporter-output>
        </test-method> <!-- setUp -->
        <test-method is-config="true" signature="setup()[pri:0, instance:com.orangehrm.tests.AdminTest@78365cfa]" started-at="2026-06-04T13:08:26 ICT" name="setup" finished-at="2026-06-04T13:09:07 ICT" duration-ms="40949" status="PASS">
          <reporter-output>
          </reporter-output>
        </test-method> <!-- setup -->
        <test-method signature="tc_Admin_003_searchUserByUsername()[pri:0, instance:com.orangehrm.tests.AdminTest@78365cfa]" started-at="2026-06-04T13:09:07 ICT" name="tc_Admin_003_searchUserByUsername" description="TC_ADMIN_003: Tìm kiếm người dùng &#039;Admin&#039; theo username" finished-at="2026-06-04T13:09:27 ICT" duration-ms="19878" status="PASS">
          <reporter-output>
          </reporter-output>
        </test-method> <!-- tc_Admin_003_searchUserByUsername -->
        <test-method is-config="true" signature="tearDown()[pri:0, instance:com.orangehrm.tests.AdminTest@78365cfa]" started-at="2026-06-04T13:09:27 ICT" name="tearDown" finished-at="2026-06-04T13:09:27 ICT" duration-ms="196" status="PASS">
          <reporter-output>
          </reporter-output>
        </test-method> <!-- tearDown -->
        <test-method is-config="true" signature="setUp()[pri:0, instance:com.orangehrm.tests.AdminTest@78365cfa]" started-at="2026-06-04T13:09:27 ICT" name="setUp" finished-at="2026-06-04T13:09:27 ICT" duration-ms="661" status="PASS">
          <reporter-output>
          </reporter-output>
        </test-method> <!-- setUp -->
        <test-method is-config="true" signature="setup()[pri:0, instance:com.orangehrm.tests.AdminTest@78365cfa]" started-at="2026-06-04T13:09:27 ICT" name="setup" finished-at="2026-06-04T13:10:10 ICT" duration-ms="42656" status="PASS">
          <reporter-output>
          </reporter-output>
        </test-method> <!-- setup -->
        <test-method signature="tc_Admin_004_searchNonExistentUser()[pri:0, instance:com.orangehrm.tests.AdminTest@78365cfa]" started-at="2026-06-04T13:10:10 ICT" name="tc_Admin_004_searchNonExistentUser" description="TC_ADMIN_004: Tìm kiếm người dùng không tồn tại" finished-at="2026-06-04T13:10:32 ICT" duration-ms="22394" status="FAIL">
          <exception class="java.lang.AssertionError">
            <message>
              <![CDATA[Hệ thống phải không trả về kết quả khi username không tồn tại expected [true] but found [false]]]>
            </message>
            <full-stacktrace>
              <![CDATA[java.lang.AssertionError: Hệ thống phải không trả về kết quả khi username không tồn tại expected [true] but found [false]
at org.testng.Assert.fail(Assert.java:111)
at org.testng.Assert.failNotEquals(Assert.java:1578)
at org.testng.Assert.assertTrue(Assert.java:57)
at com.orangehrm.tests.AdminTest.tc_Admin_004_searchNonExistentUser(AdminTest.java:82)
at java.base/jdk.internal.reflect.DirectMethodHandleAccessor.invoke(DirectMethodHandleAccessor.java:103)
at java.base/java.lang.reflect.Method.invoke(Method.java:580)
at org.testng.internal.invokers.MethodInvocationHelper.invokeMethod(MethodInvocationHelper.java:139)
at org.testng.internal.invokers.TestInvoker.invokeMethod(TestInvoker.java:664)
at org.testng.internal.invokers.TestInvoker.invokeTestMethod(TestInvoker.java:228)
at org.testng.internal.invokers.MethodRunner.runInSequence(MethodRunner.java:63)
at org.testng.internal.invokers.TestInvoker$MethodInvocationAgent.invoke(TestInvoker.java:961)
at org.testng.internal.invokers.TestInvoker.invokeTestMethods(TestInvoker.java:201)
at org.testng.internal.invokers.TestMethodWorker.invokeTestMethods(TestMethodWorker.java:148)
at org.testng.internal.invokers.TestMethodWorker.run(TestMethodWorker.java:128)
at java.base/java.util.ArrayList.forEach(ArrayList.java:1596)
at org.testng.TestRunner.privateRun(TestRunner.java:819)
at org.testng.TestRunner.run(TestRunner.java:619)
at org.testng.SuiteRunner.runTest(SuiteRunner.java:443)
at org.testng.SuiteRunner.runSequentially(SuiteRunner.java:437)
at org.testng.SuiteRunner.privateRun(SuiteRunner.java:397)
at org.testng.SuiteRunner.run(SuiteRunner.java:336)
at org.testng.SuiteRunnerWorker.runSuite(SuiteRunnerWorker.java:52)
at org.testng.SuiteRunnerWorker.run(SuiteRunnerWorker.java:95)
at org.testng.TestNG.runSuitesSequentially(TestNG.java:1301)
at org.testng.TestNG.runSuitesLocally(TestNG.java:1228)
at org.testng.TestNG.runSuites(TestNG.java:1134)
at org.testng.TestNG.run(TestNG.java:1101)
at org.apache.maven.surefire.testng.TestNGExecutor.run(TestNGExecutor.java:155)
at org.apache.maven.surefire.testng.TestNGDirectoryTestSuite.executeSingleClass(TestNGDirectoryTestSuite.java:102)
at org.apache.maven.surefire.testng.TestNGDirectoryTestSuite.execute(TestNGDirectoryTestSuite.java:91)
at org.apache.maven.surefire.testng.TestNGProvider.invoke(TestNGProvider.java:137)
at org.apache.maven.surefire.booter.ForkedBooter.runSuitesInProcess(ForkedBooter.java:385)
at org.apache.maven.surefire.booter.ForkedBooter.execute(ForkedBooter.java:162)
at org.apache.maven.surefire.booter.ForkedBooter.run(ForkedBooter.java:507)
at org.apache.maven.surefire.booter.ForkedBooter.main(ForkedBooter.java:495)
]]>
            </full-stacktrace>
          </exception> <!-- java.lang.AssertionError -->
          <reporter-output>
          </reporter-output>
        </test-method> <!-- tc_Admin_004_searchNonExistentUser -->
        <test-method is-config="true" signature="tearDown()[pri:0, instance:com.orangehrm.tests.AdminTest@78365cfa]" started-at="2026-06-04T13:10:33 ICT" name="tearDown" finished-at="2026-06-04T13:10:33 ICT" duration-ms="200" status="PASS">
          <reporter-output>
          </reporter-output>
        </test-method> <!-- tearDown -->
        <test-method is-config="true" signature="setUp()[pri:0, instance:com.orangehrm.tests.AdminTest@78365cfa]" started-at="2026-06-04T13:10:33 ICT" name="setUp" finished-at="2026-06-04T13:10:33 ICT" duration-ms="639" status="PASS">
          <reporter-output>
          </reporter-output>
        </test-method> <!-- setUp -->
        <test-method is-config="true" signature="setup()[pri:0, instance:com.orangehrm.tests.AdminTest@78365cfa]" started-at="2026-06-04T13:10:33 ICT" name="setup" finished-at="2026-06-04T13:11:12 ICT" duration-ms="38934" status="PASS">
          <reporter-output>
          </reporter-output>
        </test-method> <!-- setup -->
        <test-method signature="tc_Admin_005_resetAdminSearchFilter()[pri:0, instance:com.orangehrm.tests.AdminTest@78365cfa]" started-at="2026-06-04T13:11:12 ICT" name="tc_Admin_005_resetAdminSearchFilter" description="TC_ADMIN_005: Reset bộ lọc tìm kiếm trong module Admin" finished-at="2026-06-04T13:12:02 ICT" duration-ms="50102" status="FAIL">
          <exception class="java.lang.AssertionError">
            <message>
              <![CDATA[Sau reset phải hiển thị ít nhất bằng số kết quả khi lọc expected [true] but found [false]]]>
            </message>
            <full-stacktrace>
              <![CDATA[java.lang.AssertionError: Sau reset phải hiển thị ít nhất bằng số kết quả khi lọc expected [true] but found [false]
at org.testng.Assert.fail(Assert.java:111)
at org.testng.Assert.failNotEquals(Assert.java:1578)
at org.testng.Assert.assertTrue(Assert.java:57)
at com.orangehrm.tests.AdminTest.tc_Admin_005_resetAdminSearchFilter(AdminTest.java:102)
at java.base/jdk.internal.reflect.DirectMethodHandleAccessor.invoke(DirectMethodHandleAccessor.java:103)
at java.base/java.lang.reflect.Method.invoke(Method.java:580)
at org.testng.internal.invokers.MethodInvocationHelper.invokeMethod(MethodInvocationHelper.java:139)
at org.testng.internal.invokers.TestInvoker.invokeMethod(TestInvoker.java:664)
at org.testng.internal.invokers.TestInvoker.invokeTestMethod(TestInvoker.java:228)
at org.testng.internal.invokers.MethodRunner.runInSequence(MethodRunner.java:63)
at org.testng.internal.invokers.TestInvoker$MethodInvocationAgent.invoke(TestInvoker.java:961)
at org.testng.internal.invokers.TestInvoker.invokeTestMethods(TestInvoker.java:201)
at org.testng.internal.invokers.TestMethodWorker.invokeTestMethods(TestMethodWorker.java:148)
at org.testng.internal.invokers.TestMethodWorker.run(TestMethodWorker.java:128)
at java.base/java.util.ArrayList.forEach(ArrayList.java:1596)
at org.testng.TestRunner.privateRun(TestRunner.java:819)
at org.testng.TestRunner.run(TestRunner.java:619)
at org.testng.SuiteRunner.runTest(SuiteRunner.java:443)
at org.testng.SuiteRunner.runSequentially(SuiteRunner.java:437)
at org.testng.SuiteRunner.privateRun(SuiteRunner.java:397)
at org.testng.SuiteRunner.run(SuiteRunner.java:336)
at org.testng.SuiteRunnerWorker.runSuite(SuiteRunnerWorker.java:52)
at org.testng.SuiteRunnerWorker.run(SuiteRunnerWorker.java:95)
at org.testng.TestNG.runSuitesSequentially(TestNG.java:1301)
at org.testng.TestNG.runSuitesLocally(TestNG.java:1228)
at org.testng.TestNG.runSuites(TestNG.java:1134)
at org.testng.TestNG.run(TestNG.java:1101)
at org.apache.maven.surefire.testng.TestNGExecutor.run(TestNGExecutor.java:155)
at org.apache.maven.surefire.testng.TestNGDirectoryTestSuite.executeSingleClass(TestNGDirectoryTestSuite.java:102)
at org.apache.maven.surefire.testng.TestNGDirectoryTestSuite.execute(TestNGDirectoryTestSuite.java:91)
at org.apache.maven.surefire.testng.TestNGProvider.invoke(TestNGProvider.java:137)
at org.apache.maven.surefire.booter.ForkedBooter.runSuitesInProcess(ForkedBooter.java:385)
at org.apache.maven.surefire.booter.ForkedBooter.execute(ForkedBooter.java:162)
at org.apache.maven.surefire.booter.ForkedBooter.run(ForkedBooter.java:507)
at org.apache.maven.surefire.booter.ForkedBooter.main(ForkedBooter.java:495)
]]>
            </full-stacktrace>
          </exception> <!-- java.lang.AssertionError -->
          <reporter-output>
          </reporter-output>
        </test-method> <!-- tc_Admin_005_resetAdminSearchFilter -->
        <test-method is-config="true" signature="tearDown()[pri:0, instance:com.orangehrm.tests.AdminTest@78365cfa]" started-at="2026-06-04T13:12:03 ICT" name="tearDown" finished-at="2026-06-04T13:12:03 ICT" duration-ms="185" status="PASS">
          <reporter-output>
          </reporter-output>
        </test-method> <!-- tearDown -->
      </class> <!-- com.orangehrm.tests.AdminTest -->
    </test> <!-- Surefire test -->
  </suite> <!-- Surefire suite -->
</testng-results>
