<?xml version="1.0" encoding="UTF-8"?>
<!-- Generated by org.testng.reporters.JUnitXMLReporter -->
<testsuite ignored="0" hostname="Thinkpad" failures="2" tests="5" name="Surefire test" time="345.522" errors="0" timestamp="2026-06-04T13:12:03 ICT">
  <testcase classname="com.orangehrm.tests.AdminTest" name="tc_Admin_001_accessAdminModule" time="0.205"/>
  <testcase classname="com.orangehrm.tests.AdminTest" name="tc_Admin_002_systemUsersListDisplayed" time="2.038"/>
  <testcase classname="com.orangehrm.tests.AdminTest" name="tc_Admin_003_searchUserByUsername" time="19.878"/>
  <testcase classname="com.orangehrm.tests.AdminTest" name="tc_Admin_004_searchNonExistentUser" time="22.394">
    <failure type="java.lang.AssertionError" message="Hệ thống phải không trả về kết quả khi username không tồn tại expected [true] but found [false]">
      <![CDATA[java.lang.AssertionError: Hệ thống phải không trả về kết quả khi username không tồn tại expected [true] but found [false]
at com.orangehrm.tests.AdminTest.tc_Admin_004_searchNonExistentUser(AdminTest.java:82)
at java.base/java.util.ArrayList.forEach(ArrayList.java:1596)
... Removed 33 stack frames]]>
    </failure>
  </testcase> <!-- tc_Admin_004_searchNonExistentUser -->
  <testcase classname="com.orangehrm.tests.AdminTest" name="tc_Admin_005_resetAdminSearchFilter" time="50.102">
    <failure type="java.lang.AssertionError" message="Sau reset phải hiển thị ít nhất bằng số kết quả khi lọc expected [true] but found [false]">
      <![CDATA[java.lang.AssertionError: Sau reset phải hiển thị ít nhất bằng số kết quả khi lọc expected [true] but found [false]
at com.orangehrm.tests.AdminTest.tc_Admin_005_resetAdminSearchFilter(AdminTest.java:102)
at java.base/java.util.ArrayList.forEach(ArrayList.java:1596)
... Removed 33 stack frames]]>
    </failure>
  </testcase> <!-- tc_Admin_005_resetAdminSearchFilter -->
</testsuite> <!-- Surefire test -->
